2020-08-09 05:26:21,824 CRIT Supervisor running as root (no user in config file)
2020-08-09 05:26:21,830 INFO supervisord started with pid 20
2020-08-09 05:26:22,833 INFO spawned: 'cron' with pid 23
2020-08-09 05:26:22,835 INFO spawned: 'laragis-worker_02' with pid 24
2020-08-09 05:26:22,837 INFO spawned: 'laragis-worker_03' with pid 25
2020-08-09 05:26:22,839 INFO spawned: 'laragis-worker_00' with pid 26
2020-08-09 05:26:22,840 INFO spawned: 'laragis-worker_01' with pid 27
2020-08-09 05:26:22,842 INFO spawned: 'laragis-worker_06' with pid 30
2020-08-09 05:26:22,844 INFO spawned: 'laragis-worker_07' with pid 31
2020-08-09 05:26:22,847 INFO spawned: 'laragis-worker_04' with pid 32
2020-08-09 05:26:22,849 INFO spawned: 'laragis-worker_05' with pid 33
2020-08-09 05:26:22,850 INFO spawned: 'sshd' with pid 34
2020-08-09 05:26:22,893 INFO exited: laragis-worker_02 (exit status 1; not expected)
2020-08-09 05:26:22,894 INFO exited: laragis-worker_03 (exit status 1; not expected)
2020-08-09 05:26:22,894 INFO exited: laragis-worker_01 (exit status 1; not expected)
2020-08-09 05:26:22,897 INFO exited: laragis-worker_00 (exit status 1; not expected)
2020-08-09 05:26:22,898 INFO exited: laragis-worker_07 (exit status 1; not expected)
2020-08-09 05:26:22,899 INFO exited: laragis-worker_06 (exit status 1; not expected)
2020-08-09 05:26:22,899 INFO exited: laragis-worker_04 (exit status 1; not expected)
2020-08-09 05:26:22,902 INFO exited: laragis-worker_05 (exit status 1; not expected)
2020-08-09 05:26:23,903 INFO success: cron entered RUNNING state, process has stayed up for > than 1 seconds (startsecs)
2020-08-09 05:26:23,904 INFO spawned: 'laragis-worker_02' with pid 35
2020-08-09 05:26:23,906 INFO spawned: 'laragis-worker_03' with pid 36
2020-08-09 05:26:23,907 INFO spawned: 'laragis-worker_00' with pid 37
2020-08-09 05:26:23,909 INFO spawned: 'laragis-worker_01' with pid 38
2020-08-09 05:26:23,910 INFO spawned: 'laragis-worker_06' with pid 39
2020-08-09 05:26:23,912 INFO spawned: 'laragis-worker_07' with pid 40
2020-08-09 05:26:23,913 INFO spawned: 'laragis-worker_04' with pid 41
2020-08-09 05:26:23,915 INFO spawned: 'laragis-worker_05' with pid 42
2020-08-09 05:26:23,915 INFO success: sshd entered RUNNING state, process has stayed up for > than 1 seconds (startsecs)
2020-08-09 05:26:23,938 INFO exited: laragis-worker_02 (exit status 1; not expected)
2020-08-09 05:26:23,939 INFO exited: laragis-worker_03 (exit status 1; not expected)
2020-08-09 05:26:23,943 INFO exited: laragis-worker_00 (exit status 1; not expected)
2020-08-09 05:26:23,945 INFO exited: laragis-worker_04 (exit status 1; not expected)
2020-08-09 05:26:23,945 INFO exited: laragis-worker_06 (exit status 1; not expected)
2020-08-09 05:26:23,951 INFO exited: laragis-worker_01 (exit status 1; not expected)
2020-08-09 05:26:23,951 INFO exited: laragis-worker_07 (exit status 1; not expected)
2020-08-09 05:26:23,956 INFO exited: laragis-worker_05 (exit status 1; not expected)
2020-08-09 05:26:25,960 INFO spawned: 'laragis-worker_02' with pid 43
2020-08-09 05:26:25,961 INFO spawned: 'laragis-worker_03' with pid 44
2020-08-09 05:26:25,962 INFO spawned: 'laragis-worker_00' with pid 45
2020-08-09 05:26:25,964 INFO spawned: 'laragis-worker_01' with pid 46
2020-08-09 05:26:25,966 INFO spawned: 'laragis-worker_06' with pid 47
2020-08-09 05:26:25,967 INFO spawned: 'laragis-worker_07' with pid 48
2020-08-09 05:26:25,969 INFO spawned: 'laragis-worker_04' with pid 49
2020-08-09 05:26:25,970 INFO spawned: 'laragis-worker_05' with pid 50
2020-08-09 05:26:26,001 INFO exited: laragis-worker_00 (exit status 1; not expected)
2020-08-09 05:26:26,001 INFO exited: laragis-worker_02 (exit status 1; not expected)
2020-08-09 05:26:26,005 INFO exited: laragis-worker_01 (exit status 1; not expected)
2020-08-09 05:26:26,005 INFO exited: laragis-worker_03 (exit status 1; not expected)
2020-08-09 05:26:26,007 INFO exited: laragis-worker_06 (exit status 1; not expected)
2020-08-09 05:26:26,010 INFO exited: laragis-worker_04 (exit status 1; not expected)
2020-08-09 05:26:26,011 INFO exited: laragis-worker_07 (exit status 1; not expected)
2020-08-09 05:26:26,016 INFO exited: laragis-worker_05 (exit status 1; not expected)
2020-08-09 05:26:29,021 INFO spawned: 'laragis-worker_02' with pid 51
2020-08-09 05:26:29,023 INFO spawned: 'laragis-worker_03' with pid 52
2020-08-09 05:26:29,025 INFO spawned: 'laragis-worker_00' with pid 53
2020-08-09 05:26:29,026 INFO spawned: 'laragis-worker_01' with pid 54
2020-08-09 05:26:29,028 INFO spawned: 'laragis-worker_06' with pid 55
2020-08-09 05:26:29,029 INFO spawned: 'laragis-worker_07' with pid 56
2020-08-09 05:26:29,031 INFO spawned: 'laragis-worker_04' with pid 57
2020-08-09 05:26:29,032 INFO spawned: 'laragis-worker_05' with pid 58
2020-08-09 05:26:29,063 INFO exited: laragis-worker_02 (exit status 1; not expected)
2020-08-09 05:26:29,066 INFO gave up: laragis-worker_02 entered FATAL state, too many start retries too quickly
2020-08-09 05:26:29,066 INFO exited: laragis-worker_03 (exit status 1; not expected)
2020-08-09 05:26:29,067 INFO exited: laragis-worker_00 (exit status 1; not expected)
2020-08-09 05:26:29,067 INFO gave up: laragis-worker_03 entered FATAL state, too many start retries too quickly
2020-08-09 05:26:29,068 INFO gave up: laragis-worker_00 entered FATAL state, too many start retries too quickly
2020-08-09 05:26:29,072 INFO exited: laragis-worker_06 (exit status 1; not expected)
2020-08-09 05:26:29,072 INFO exited: laragis-worker_04 (exit status 1; not expected)
2020-08-09 05:26:29,073 INFO exited: laragis-worker_01 (exit status 1; not expected)
2020-08-09 05:26:29,073 INFO gave up: laragis-worker_01 entered FATAL state, too many start retries too quickly
2020-08-09 05:26:29,073 INFO gave up: laragis-worker_06 entered FATAL state, too many start retries too quickly
2020-08-09 05:26:29,074 INFO gave up: laragis-worker_04 entered FATAL state, too many start retries too quickly
2020-08-09 05:26:29,074 INFO exited: laragis-worker_05 (exit status 1; not expected)
2020-08-09 05:26:29,074 INFO gave up: laragis-worker_05 entered FATAL state, too many start retries too quickly
2020-08-09 05:26:29,077 INFO exited: laragis-worker_07 (exit status 1; not expected)
2020-08-09 05:26:30,079 INFO gave up: laragis-worker_07 entered FATAL state, too many start retries too quickly
2020-08-09 05:27:44,656 INFO exited: cron (terminated by SIGTERM; not expected)
2020-08-09 05:27:44,657 INFO exited: sshd (exit status 0; expected)
2020-08-09 05:27:44,657 WARN received SIGTERM indicating exit request
